<?xml version="1.0" encoding="UTF-8"?>
<testsuite xmlns:xsi="http://www.w3.org/2001/XMLSchema-instance" xsi:noNamespaceSchemaLocation="https://maven.apache.org/surefire/maven-surefire-plugin/xsd/surefire-test-report.xsd" name="edu.westga.comp4420.javafx_sample.test.model.notes.TestNotesCollection" time="0.079" tests="6" errors="0" skipped="0" failures="0">
  <properties>
[...]
</properties>
  <testcase name="testFindNoteByIdReturnsCorrectNote" classname="edu.westga.comp4420.javafx_sample.test.model.notes.TestNotesCollection" time="0.067"/>
  <testcase name="testAddNoteIncreasesCollectionSize" classname="edu.westga.comp4420.javafx_sample.test.model.notes.TestNotesCollection" time="0"/>
  <testcase name="testFindNoteByIdReturnsNullForUnknownId" classname="edu.westga.comp4420.javafx_sample.test.model.notes.TestNotesCollection" time="0.001"/>
  <testcase name="testRemoveNoteDecreasesCollectionSize" classname="edu.westga.comp4420.javafx_sample.test.model.notes.TestNotesCollection" time="0.001"/>
  <testcase name="testGetNotesByTopicReturnsCorrectNotes" classname="edu.westga.comp4420.javafx_sample.test.model.notes.TestNotesCollection" time="0.001"/>
  <testcase name="testGetAllTopicsReturnsCorrectTopics" classname="edu.westga.comp4420.javafx_sample.test.model.notes.TestNotesCollection" time="0.001"/>
</testsuite>